Determining if the pthread_create exist failed with the following output:
Change Dir: /home/lv/catkin_ws/src/button_jvvy/build/CMakeFiles/CMakeTmp

Run Build Command:/usr/bin/make "cmTryCompileExec209928220/fast"
/usr/bin/make -f CMakeFiles/cmTryCompileExec209928220.dir/build.make CMakeFiles/cmTryCompileExec209928220.dir/build
make[1]: Entering directory `/home/lv/catkin_ws/src/button_jvvy/build/CMakeFiles/CMakeTmp'
/usr/bin/cmake -E cmake_progress_report /home/lv/catkin_ws/src/button_jvvy/build/CMakeFiles/CMakeTmp/CMakeFiles 1
Building C object CMakeFiles/cmTryCompileExec209928220.dir/CheckSymbolExists.c.o
/usr/bin/cc    -o CMakeFiles/cmTryCompileExec209928220.dir/CheckSymbolExists.c.o   -c /home/lv/catkin_ws/src/button_jvvy/build/CMakeFiles/CMakeTmp/CheckSymbolExists.c
Linking C executable cmTryCompileExec209928220
/usr/bin/cmake -E cmake_link_script CMakeFiles/cmTryCompileExec209928220.dir/link.txt --verbose=1
/usr/bin/cc       CMakeFiles/cmTryCompileExec209928220.dir/CheckSymbolExists.c.o  -o cmTryCompileExec209928220 -rdynamic 
CMakeFiles/cmTryCompileExec209928220.dir/CheckSymbolExists.c.o: In function `main':
CheckSymbolExists.c:(.text+0x16): undefined reference to `pthread_create'
collect2: error: ld returned 1 exit status
make[1]: Leaving directory `/home/lv/catkin_ws/src/button_jvvy/build/CMakeFiles/CMakeTmp'
make[1]: *** [cmTryCompileExec209928220] Error 1
make: *** [cmTryCompileExec209928220/fast] Error 2

File /home/lv/catkin_ws/src/button_jvvy/build/CMakeFiles/CMakeTmp/CheckSymbolExists.c:
/* */
#include <pthread.h>

int main(int argc, char** argv)
{
  (void)argv;
#ifndef pthread_create
  return ((int*)(&pthread_create))[argc];
#else
  (void)argc;
  return 0;
#endif
}

Determining if the function pthread_create exists in the pthreads failed with the following output:
Change Dir: /home/lv/catkin_ws/src/button_jvvy/build/CMakeFiles/CMakeTmp

Run Build Command:/usr/bin/make "cmTryCompileExec4190490140/fast"
/usr/bin/make -f CMakeFiles/cmTryCompileExec4190490140.dir/build.make CMakeFiles/cmTryCompileExec4190490140.dir/build
make[1]: Entering directory `/home/lv/catkin_ws/src/button_jvvy/build/CMakeFiles/CMakeTmp'
/usr/bin/cmake -E cmake_progress_report /home/lv/catkin_ws/src/button_jvvy/build/CMakeFiles/CMakeTmp/CMakeFiles 1
Building C object CMakeFiles/cmTryCompileExec4190490140.dir/CheckFunctionExists.c.o
/usr/bin/cc   -DCHECK_FUNCTION_EXISTS=pthread_create   -o CMakeFiles/cmTryCompileExec4190490140.dir/CheckFunctionExists.c.o   -c /usr/share/cmake-2.8/Modules/CheckFunctionExists.c
Linking C executable cmTryCompileExec4190490140
/usr/bin/cmake -E cmake_link_script CMakeFiles/cmTryCompileExec4190490140.dir/link.txt --verbose=1
/usr/bin/cc   -DCHECK_FUNCTION_EXISTS=pthread_create    CMakeFiles/cmTryCompileExec4190490140.dir/CheckFunctionExists.c.o  -o cmTryCompileExec4190490140 -rdynamic -lpthreads 
/usr/bin/ld: cannot find -lpthreads
collect2: error: ld returned 1 exit status
make[1]: Leaving directory `/home/lv/catkin_ws/src/button_jvvy/build/CMakeFiles/CMakeTmp'
make[1]: *** [cmTryCompileExec4190490140] Error 1
make: *** [cmTryCompileExec4190490140/fast] Error 2


